<?xml version="1.0" encoding="UTF-8"?>
<!-- Generated by org.testng.reporters.JUnitReportReporter -->
<testsuite hostname="DESKTOP-5K5CUMP" failures="0" tests="1" name="Testng.Ng4" time="0.009" errors="0" timestamp="2021-07-25T23:22:32 IST" skipped="0">
  <testcase classname="Testng.Ng4" name="f" time="0.009"/>
  <system-out/>
</testsuite> <!-- Testng.Ng4 -->
