<?xml version="1.0" encoding="UTF-8"?>
<!-- Generated by org.testng.reporters.JUnitReportReporter -->
<testsuite hostname="DESKTOP-5K5CUMP" failures="0" tests="2" name="Testng.NewTest" time="0.017" errors="0" timestamp="2021-11-23T23:20:09 IST" skipped="0">
  <testcase classname="Testng.NewTest" name="login" time="0.012"/>
  <system-out/>
  <testcase classname="Testng.NewTest" name="logout" time="0.005"/>
  <system-out/>
</testsuite> <!-- Testng.NewTest -->
