<?xml version="1.0" encoding="UTF-8"?>
<!-- Generated by org.testng.reporters.JUnitReportReporter -->
<testsuite hostname="DESKTOP-5K5CUMP" failures="0" tests="2" name="TestNG.priority_Annote" time="35.870" errors="0" timestamp="2021-08-01T13:05:42 IST" skipped="0">
  <testcase classname="TestNG.priority_Annote" name="title" time="16.746"/>
  <system-out/>
  <testcase classname="TestNG.priority_Annote" name="f" time="19.124"/>
  <system-out/>
</testsuite> <!-- TestNG.priority_Annote -->
