<?xml version="1.0" encoding="UTF-8"?>
<!-- Generated by org.testng.reporters.JUnitReportReporter -->
<testsuite hostname="DESKTOP-5K5CUMP" failures="0" tests="2" name="BrowserPagePF.BrowserStackSetup" time="7.686" errors="0" timestamp="2021-07-26T23:12:13 IST" skipped="0">
  <testcase classname="BrowserPagePF.BrowserStackSetup" name="navigate_to_homepage_click_on_getstarted" time="6.702"/>
  <system-out/>
  <testcase classname="BrowserPagePF.BrowserStackSetup" name="enter_userDetails" time="0.984"/>
  <system-out/>
</testsuite> <!-- BrowserPagePF.BrowserStackSetup -->
