<?xml version="1.0" encoding="UTF-8"?>
<!-- Generated by org.testng.reporters.JUnitReportReporter -->
<testsuite hostname="DESKTOP-BI7GM7O" failures="0" tests="1" name="TestNG.Annotation" time="0.005" errors="0" timestamp="2022-09-17T21:40:29 IST" skipped="0">
  <testcase classname="TestNG.Annotation" name="f" time="0.005"/>
  <system-out/>
</testsuite> <!-- TestNG.Annotation -->
